<?xml version="1.0" encoding="UTF-8"?>
<testsuite name="com.example.demo.service.DeliveryServiceMockitoTest" tests="5" skipped="0" failures="0" errors="0" timestamp="2022-03-24T17:26:34" hostname="INLEN8520042150" time="0.048">
  <properties/>
  <testcase name="addDeliveryTest()" classname="com.example.demo.service.DeliveryServiceMockitoTest" time="0.028"/>
  <testcase name="findByNameTest()" classname="com.example.demo.service.DeliveryServiceMockitoTest" time="0.005"/>
  <testcase name="searchTest()" classname="com.example.demo.service.DeliveryServiceMockitoTest" time="0.002"/>
  <testcase name="updateDeliveryTest()" classname="com.example.demo.service.DeliveryServiceMockitoTest" time="0.004"/>
  <testcase name="findByPkTest()" classname="com.example.demo.service.DeliveryServiceMockitoTest" time="0.004"/>
  <system-out><![CDATA[2022-03-24 22:56:34.306  INFO 1600 --- [    Test worker] o.s.t.c.s.DefaultTestContextBootstrapper : Neither @ContextConfiguration nor @ContextHierarchy found for test class [com.example.demo.service.DeliveryServiceMockitoTest], using DelegatingSmartContextLoader
2022-03-24 22:56:34.307  INFO 1600 --- [    Test worker] o.s.t.c.support.AbstractContextLoader    : Could not detect default resource locations for test class [com.example.demo.service.DeliveryServiceMockitoTest]: no resource found for suffixes {-context.xml}.
2022-03-24 22:56:34.308  INFO 1600 --- [    Test worker] t.c.s.AnnotationConfigContextLoaderUtils : Could not detect default configuration classes for test class [com.example.demo.service.DeliveryServiceMockitoTest]: DeliveryServiceMockitoTest does not declare any static, non-private, non-final, nested classes annotated with @Configuration.
2022-03-24 22:56:34.311  INFO 1600 --- [    Test worker] o.s.t.c.s.DefaultTestContextBootstrapper : Loaded default TestExecutionListener class names from location [META-INF/spring.factories]: [org.springframework.boot.test.autoconfigure.restdocs.RestDocsTestExecutionListener, org.springframework.boot.test.autoconfigure.web.client.MockRestServiceServerResetTestExecutionListener, org.springframework.boot.test.autoconfigure.web.servlet.MockMvcPrintOnlyOnFailureTestExecutionListener, org.springframework.boot.test.autoconfigure.web.servlet.WebDriverTestExecutionListener, org.springframework.boot.test.autoconfigure.webservices.client.MockWebServiceServerTestExecutionListener, org.springframework.boot.test.mock.mockito.MockitoTestExecutionListener, org.springframework.boot.test.mock.mockito.ResetMocksTestExecutionListener, org.springframework.test.context.web.ServletTestExecutionListener, org.springframework.test.context.support.DirtiesContextBeforeModesTestExecutionListener, org.springframework.test.context.event.ApplicationEventsTestExecutionListener, org.springframework.test.context.support.DependencyInjectionTestExecutionListener, org.springframework.test.context.support.DirtiesContextTestExecutionListener, org.springframework.test.context.transaction.TransactionalTestExecutionListener, org.springframework.test.context.jdbc.SqlScriptsTestExecutionListener, org.springframework.test.context.event.EventPublishingTestExecutionListener]
2022-03-24 22:56:34.311  INFO 1600 --- [    Test worker] o.s.t.c.s.DefaultTestContextBootstrapper : Using TestExecutionListeners: [org.springframework.test.context.web.ServletTestExecutionListener@69f99669, org.springframework.test.context.support.DirtiesContextBeforeModesTestExecutionListener@7e56a1ef, org.springframework.test.context.event.ApplicationEventsTestExecutionListener@31cd9f40, org.springframework.boot.test.mock.mockito.MockitoTestExecutionListener@548973cc, org.springframework.test.context.support.DependencyInjectionTestExecutionListener@71e6fdea, org.springframework.test.context.support.DirtiesContextTestExecutionListener@3a7463e0, org.springframework.test.context.transaction.TransactionalTestExecutionListener@671ecc71, org.springframework.test.context.jdbc.SqlScriptsTestExecutionListener@7896c44d, org.springframework.test.context.event.EventPublishingTestExecutionListener@3e597f18, org.springframework.boot.test.autoconfigure.restdocs.RestDocsTestExecutionListener@27ab7050, org.springframework.boot.test.autoconfigure.web.client.MockRestServiceServerResetTestExecutionListener@36475d90, org.springframework.boot.test.autoconfigure.web.servlet.MockMvcPrintOnlyOnFailureTestExecutionListener@78bd43b9, org.springframework.boot.test.autoconfigure.web.servlet.WebDriverTestExecutionListener@de95209, org.springframework.boot.test.autoconfigure.webservices.client.MockWebServiceServerTestExecutionListener@713c9a14, org.springframework.boot.test.mock.mockito.ResetMocksTestExecutionListener@7d9be27e]
]]></system-out>
  <system-err><![CDATA[]]></system-err>
</testsuite>
